2025-07-20 17:30:29,803 - INFO - ==================================================
2025-07-20 17:30:29,803 - INFO - Starting ML Fitness Predictor
2025-07-20 17:30:29,803 - INFO - ==================================================
2025-07-20 17:30:29,803 - INFO - Loading and cleaning data...
2025-07-20 17:30:29,828 - INFO - Data loaded successfully: 225 rows, 15 users
2025-07-20 17:30:29,828 - INFO - Training models...
2025-07-20 17:30:29,855 - INFO - Generating predictions...
2025-07-20 17:30:30,099 - INFO - Assessing fitness levels...
2025-07-20 17:30:30,106 - INFO - Saving results to e:\SUMMER_PROJECT_CPP\ML\outputs\fitness_predictions.json...
2025-07-20 17:30:30,113 - INFO - ==================================================
2025-07-20 17:30:30,113 - INFO - EXECUTION SUMMARY
2025-07-20 17:30:30,113 - INFO - ==================================================
2025-07-20 17:30:30,116 - INFO - 
Sample results for User 1:
2025-07-20 17:30:30,117 - INFO - Fitness Level: Moderate
2025-07-20 17:30:30,117 - INFO - Fitness Score: 57.25
2025-07-20 20:25:28,422 - INFO - ==================================================
2025-07-20 20:25:28,422 - INFO - Starting ML Fitness Predictor
2025-07-20 20:25:28,422 - INFO - ==================================================
2025-07-20 20:25:28,423 - INFO - Loading and cleaning data...
2025-07-20 20:25:28,444 - INFO - Data loaded successfully: 225 rows, 15 users
2025-07-20 20:25:28,444 - INFO - Training models...
2025-07-20 20:25:28,476 - INFO - Generating predictions...
2025-07-20 20:25:28,713 - INFO - Assessing fitness levels...
2025-07-20 20:25:28,716 - INFO - Saving results to e:\SUMMER_PROJECT_CPP\ML\outputs\fitness_predictions.json...
2025-07-20 20:25:28,721 - INFO - ==================================================
2025-07-20 20:25:28,721 - INFO - EXECUTION SUMMARY
2025-07-20 20:25:28,721 - INFO - ==================================================
2025-07-20 20:25:28,724 - INFO - 
Sample results for User 1:
2025-07-20 20:25:28,724 - INFO - Fitness Level: Moderate
2025-07-20 20:25:28,724 - INFO - Fitness Score: 57.25
2025-07-21 20:02:18,298 - INFO - ==================================================
2025-07-21 20:02:18,298 - INFO - Starting ML Fitness Predictor
2025-07-21 20:02:18,298 - INFO - ==================================================
2025-07-21 20:02:18,298 - INFO - Loading and cleaning data...
2025-07-21 20:02:18,330 - INFO - Data loaded successfully: 225 rows, 15 users
2025-07-21 20:02:18,330 - INFO - Training models...
2025-07-21 20:02:18,361 - INFO - Generating predictions...
2025-07-21 20:02:18,609 - INFO - Assessing fitness levels...
2025-07-21 20:02:18,611 - INFO - Saving results to e:\ML - TF\ML\outputs\fitness_predictions.json...
2025-07-21 20:02:18,617 - INFO - ==================================================
2025-07-21 20:02:18,617 - INFO - EXECUTION SUMMARY
2025-07-21 20:02:18,617 - INFO - ==================================================
2025-07-21 20:02:18,620 - INFO - 
Sample results for User 1:
2025-07-21 20:02:18,620 - INFO - Fitness Level: Moderate
2025-07-21 20:02:18,620 - INFO - Fitness Score: 57.25
2025-07-21 20:03:54,514 - INFO - ==================================================
2025-07-21 20:03:54,514 - INFO - Starting ML Fitness Predictor
2025-07-21 20:03:54,514 - INFO - ==================================================
2025-07-21 20:03:54,514 - INFO - Loading and cleaning data...
2025-07-21 20:03:54,528 - INFO - Data loaded successfully: 225 rows, 15 users
2025-07-21 20:03:54,528 - INFO - Training models...
2025-07-21 20:03:54,552 - INFO - Generating predictions...
2025-07-21 20:03:54,794 - INFO - Assessing fitness levels...
2025-07-21 20:03:54,795 - INFO - Saving results to e:\ML - TF\ML\outputs\fitness_predictions.json...
2025-07-21 20:03:54,801 - INFO - ==================================================
2025-07-21 20:03:54,801 - INFO - EXECUTION SUMMARY
2025-07-21 20:03:54,801 - INFO - ==================================================
2025-07-21 20:03:54,804 - INFO - 
Sample results for User 1:
2025-07-21 20:03:54,804 - INFO - Fitness Level: Moderate
2025-07-21 20:03:54,804 - INFO - Fitness Score: 57.25
2025-07-21 20:04:06,986 - INFO - ==================================================
2025-07-21 20:04:06,987 - INFO - Starting ML Fitness Predictor
2025-07-21 20:04:06,987 - INFO - ==================================================
2025-07-21 20:04:06,988 - INFO - Loading and cleaning data...
2025-07-21 20:04:07,001 - INFO - Data loaded successfully: 225 rows, 15 users
2025-07-21 20:04:07,001 - INFO - Training models...
2025-07-21 20:04:07,025 - INFO - Generating predictions...
2025-07-21 20:04:07,258 - INFO - Assessing fitness levels...
2025-07-21 20:04:07,260 - INFO - Saving results to e:\ML - TF\ML\outputs\fitness_predictions.json...
2025-07-21 20:04:07,266 - INFO - ==================================================
2025-07-21 20:04:07,266 - INFO - EXECUTION SUMMARY
2025-07-21 20:04:07,266 - INFO - ==================================================
2025-07-21 20:04:07,268 - INFO - 
Sample results for User 1:
2025-07-21 20:04:07,268 - INFO - Fitness Level: Moderate
2025-07-21 20:04:07,270 - INFO - Fitness Score: 57.25
2025-07-21 20:14:16,875 - INFO - ==================================================
2025-07-21 20:14:16,876 - INFO - Starting ML Fitness Predictor
2025-07-21 20:14:16,876 - INFO - ==================================================
2025-07-21 20:14:16,876 - INFO - Loading and cleaning data...
2025-07-21 20:14:16,899 - INFO - Data loaded successfully: 225 rows, 15 users
2025-07-21 20:14:16,899 - INFO - Training models...
2025-07-21 20:14:16,904 - INFO - [OK] Model trained for steps
2025-07-21 20:14:16,909 - INFO - [OK] Model trained for calories
2025-07-21 20:14:16,914 - INFO - [OK] Model trained for sleep_hours
2025-07-21 20:14:16,918 - INFO - [OK] Model trained for water_intake_l
2025-07-21 20:14:16,918 - INFO - Generating predictions...
2025-07-21 20:14:16,918 - INFO - Making predictions for user 1, metric steps...
2025-07-21 20:14:16,922 - INFO - Making predictions for user 1, metric calories...
2025-07-21 20:14:16,926 - INFO - Making predictions for user 1, metric sleep_hours...
2025-07-21 20:14:16,930 - INFO - Making predictions for user 1, metric water_intake_l...
2025-07-21 20:14:16,934 - INFO - [OK] Predictions generated for user 1
2025-07-21 20:14:16,934 - INFO - Making predictions for user 10, metric steps...
2025-07-21 20:14:16,939 - INFO - Making predictions for user 10, metric calories...
2025-07-21 20:14:16,942 - INFO - Making predictions for user 10, metric sleep_hours...
2025-07-21 20:14:16,946 - INFO - Making predictions for user 10, metric water_intake_l...
2025-07-21 20:14:16,950 - INFO - [OK] Predictions generated for user 10
2025-07-21 20:14:16,950 - INFO - Making predictions for user 11, metric steps...
2025-07-21 20:14:16,954 - INFO - Making predictions for user 11, metric calories...
2025-07-21 20:14:16,958 - INFO - Making predictions for user 11, metric sleep_hours...
2025-07-21 20:14:16,962 - INFO - Making predictions for user 11, metric water_intake_l...
2025-07-21 20:14:16,966 - INFO - [OK] Predictions generated for user 11
2025-07-21 20:14:16,966 - INFO - Making predictions for user 12, metric steps...
2025-07-21 20:14:16,970 - INFO - Making predictions for user 12, metric calories...
2025-07-21 20:14:16,975 - INFO - Making predictions for user 12, metric sleep_hours...
2025-07-21 20:14:16,978 - INFO - Making predictions for user 12, metric water_intake_l...
2025-07-21 20:14:16,982 - INFO - [OK] Predictions generated for user 12
2025-07-21 20:14:16,982 - INFO - Making predictions for user 13, metric steps...
2025-07-21 20:14:16,986 - INFO - Making predictions for user 13, metric calories...
2025-07-21 20:14:16,990 - INFO - Making predictions for user 13, metric sleep_hours...
2025-07-21 20:14:16,993 - INFO - Making predictions for user 13, metric water_intake_l...
2025-07-21 20:14:16,998 - INFO - [OK] Predictions generated for user 13
2025-07-21 20:14:16,998 - INFO - Making predictions for user 14, metric steps...
2025-07-21 20:14:17,003 - INFO - Making predictions for user 14, metric calories...
2025-07-21 20:14:17,008 - INFO - Making predictions for user 14, metric sleep_hours...
2025-07-21 20:14:17,014 - INFO - Making predictions for user 14, metric water_intake_l...
2025-07-21 20:14:17,019 - INFO - [OK] Predictions generated for user 14
2025-07-21 20:14:17,020 - INFO - Making predictions for user 15, metric steps...
2025-07-21 20:14:17,026 - INFO - Making predictions for user 15, metric calories...
2025-07-21 20:14:17,031 - INFO - Making predictions for user 15, metric sleep_hours...
2025-07-21 20:14:17,037 - INFO - Making predictions for user 15, metric water_intake_l...
2025-07-21 20:14:17,042 - INFO - [OK] Predictions generated for user 15
2025-07-21 20:14:17,043 - INFO - Making predictions for user 2, metric steps...
2025-07-21 20:14:17,047 - INFO - Making predictions for user 2, metric calories...
2025-07-21 20:14:17,051 - INFO - Making predictions for user 2, metric sleep_hours...
2025-07-21 20:14:17,055 - INFO - Making predictions for user 2, metric water_intake_l...
2025-07-21 20:14:17,058 - INFO - [OK] Predictions generated for user 2
2025-07-21 20:14:17,060 - INFO - Making predictions for user 3, metric steps...
2025-07-21 20:14:17,063 - INFO - Making predictions for user 3, metric calories...
2025-07-21 20:14:17,066 - INFO - Making predictions for user 3, metric sleep_hours...
2025-07-21 20:14:17,071 - INFO - Making predictions for user 3, metric water_intake_l...
2025-07-21 20:14:17,074 - INFO - [OK] Predictions generated for user 3
2025-07-21 20:14:17,075 - INFO - Making predictions for user 4, metric steps...
2025-07-21 20:14:17,079 - INFO - Making predictions for user 4, metric calories...
2025-07-21 20:14:17,083 - INFO - Making predictions for user 4, metric sleep_hours...
2025-07-21 20:14:17,086 - INFO - Making predictions for user 4, metric water_intake_l...
2025-07-21 20:14:17,090 - INFO - [OK] Predictions generated for user 4
2025-07-21 20:14:17,090 - INFO - Making predictions for user 5, metric steps...
2025-07-21 20:14:17,094 - INFO - Making predictions for user 5, metric calories...
2025-07-21 20:14:17,097 - INFO - Making predictions for user 5, metric sleep_hours...
2025-07-21 20:14:17,101 - INFO - Making predictions for user 5, metric water_intake_l...
2025-07-21 20:14:17,104 - INFO - [OK] Predictions generated for user 5
2025-07-21 20:14:17,104 - INFO - Making predictions for user 6, metric steps...
2025-07-21 20:14:17,108 - INFO - Making predictions for user 6, metric calories...
2025-07-21 20:14:17,111 - INFO - Making predictions for user 6, metric sleep_hours...
2025-07-21 20:14:17,115 - INFO - Making predictions for user 6, metric water_intake_l...
2025-07-21 20:14:17,118 - INFO - [OK] Predictions generated for user 6
2025-07-21 20:14:17,118 - INFO - Making predictions for user 7, metric steps...
2025-07-21 20:14:17,123 - INFO - Making predictions for user 7, metric calories...
2025-07-21 20:14:17,127 - INFO - Making predictions for user 7, metric sleep_hours...
2025-07-21 20:14:17,130 - INFO - Making predictions for user 7, metric water_intake_l...
2025-07-21 20:14:17,133 - INFO - [OK] Predictions generated for user 7
2025-07-21 20:14:17,133 - INFO - Making predictions for user 8, metric steps...
2025-07-21 20:14:17,137 - INFO - Making predictions for user 8, metric calories...
2025-07-21 20:14:17,142 - INFO - Making predictions for user 8, metric sleep_hours...
2025-07-21 20:14:17,146 - INFO - Making predictions for user 8, metric water_intake_l...
2025-07-21 20:14:17,149 - INFO - [OK] Predictions generated for user 8
2025-07-21 20:14:17,149 - INFO - Making predictions for user 9, metric steps...
2025-07-21 20:14:17,153 - INFO - Making predictions for user 9, metric calories...
2025-07-21 20:14:17,158 - INFO - Making predictions for user 9, metric sleep_hours...
2025-07-21 20:14:17,161 - INFO - Making predictions for user 9, metric water_intake_l...
2025-07-21 20:14:17,165 - INFO - [OK] Predictions generated for user 9
2025-07-21 20:14:17,165 - INFO - Assessing fitness levels...
2025-07-21 20:14:17,168 - INFO - Saving results to e:\ML - TF\ML\outputs\fitness_predictions.json...
2025-07-21 20:14:17,171 - INFO - ==================================================
2025-07-21 20:14:17,171 - INFO - EXECUTION SUMMARY
2025-07-21 20:14:17,171 - INFO - ==================================================
2025-07-21 20:14:17,171 - INFO - [OK] Data loaded: 225 rows
2025-07-21 20:14:17,171 - INFO - [OK] Models trained: 4
2025-07-21 20:14:17,171 - INFO - [OK] Users processed: 15
2025-07-21 20:14:17,171 - INFO - [OK] Results saved to: e:\ML - TF\ML\outputs\fitness_predictions.json
2025-07-21 20:14:17,172 - INFO - 
Sample results for User 1:
2025-07-21 20:14:17,172 - INFO - Fitness Level: Moderate
2025-07-21 20:14:17,172 - INFO - Fitness Score: 57.25
2025-07-21 20:14:17,172 - INFO - [OK] ML Fitness Predictor completed successfully!
2025-07-21 20:28:16,164 - INFO - ==================================================
2025-07-21 20:28:16,164 - INFO - Starting ML Fitness Predictor
2025-07-21 20:28:16,164 - INFO - ==================================================
2025-07-21 20:28:16,164 - INFO - Loading and cleaning data...
2025-07-21 20:28:16,178 - INFO - Data loaded successfully: 225 rows, 15 users
2025-07-21 20:28:16,178 - INFO - Training models...
2025-07-21 20:28:16,183 - INFO - [OK] Model trained for steps
2025-07-21 20:28:16,188 - INFO - [OK] Model trained for calories
2025-07-21 20:28:16,192 - INFO - [OK] Model trained for sleep_hours
2025-07-21 20:28:16,196 - INFO - [OK] Model trained for water_intake_l
2025-07-21 20:28:16,197 - INFO - Generating predictions...
2025-07-21 20:28:16,197 - INFO - Making predictions for user 1, metric steps...
2025-07-21 20:28:16,202 - INFO - Making predictions for user 1, metric calories...
2025-07-21 20:28:16,206 - INFO - Making predictions for user 1, metric sleep_hours...
2025-07-21 20:28:16,210 - INFO - Making predictions for user 1, metric water_intake_l...
2025-07-21 20:28:16,214 - INFO - [OK] Predictions generated for user 1
2025-07-21 20:28:16,214 - INFO - Making predictions for user 10, metric steps...
2025-07-21 20:28:16,218 - INFO - Making predictions for user 10, metric calories...
2025-07-21 20:28:16,222 - INFO - Making predictions for user 10, metric sleep_hours...
2025-07-21 20:28:16,226 - INFO - Making predictions for user 10, metric water_intake_l...
2025-07-21 20:28:16,230 - INFO - [OK] Predictions generated for user 10
2025-07-21 20:28:16,230 - INFO - Making predictions for user 11, metric steps...
2025-07-21 20:28:16,234 - INFO - Making predictions for user 11, metric calories...
2025-07-21 20:28:16,237 - INFO - Making predictions for user 11, metric sleep_hours...
2025-07-21 20:28:16,241 - INFO - Making predictions for user 11, metric water_intake_l...
2025-07-21 20:28:16,244 - INFO - [OK] Predictions generated for user 11
2025-07-21 20:28:16,244 - INFO - Making predictions for user 12, metric steps...
2025-07-21 20:28:16,249 - INFO - Making predictions for user 12, metric calories...
2025-07-21 20:28:16,252 - INFO - Making predictions for user 12, metric sleep_hours...
2025-07-21 20:28:16,256 - INFO - Making predictions for user 12, metric water_intake_l...
2025-07-21 20:28:16,260 - INFO - [OK] Predictions generated for user 12
2025-07-21 20:28:16,260 - INFO - Making predictions for user 13, metric steps...
2025-07-21 20:28:16,263 - INFO - Making predictions for user 13, metric calories...
2025-07-21 20:28:16,268 - INFO - Making predictions for user 13, metric sleep_hours...
2025-07-21 20:28:16,271 - INFO - Making predictions for user 13, metric water_intake_l...
2025-07-21 20:28:16,276 - INFO - [OK] Predictions generated for user 13
2025-07-21 20:28:16,276 - INFO - Making predictions for user 14, metric steps...
2025-07-21 20:28:16,279 - INFO - Making predictions for user 14, metric calories...
2025-07-21 20:28:16,282 - INFO - Making predictions for user 14, metric sleep_hours...
2025-07-21 20:28:16,286 - INFO - Making predictions for user 14, metric water_intake_l...
2025-07-21 20:28:16,291 - INFO - [OK] Predictions generated for user 14
2025-07-21 20:28:16,291 - INFO - Making predictions for user 15, metric steps...
2025-07-21 20:28:16,295 - INFO - Making predictions for user 15, metric calories...
2025-07-21 20:28:16,299 - INFO - Making predictions for user 15, metric sleep_hours...
2025-07-21 20:28:16,303 - INFO - Making predictions for user 15, metric water_intake_l...
2025-07-21 20:28:16,306 - INFO - [OK] Predictions generated for user 15
2025-07-21 20:28:16,306 - INFO - Making predictions for user 2, metric steps...
2025-07-21 20:28:16,311 - INFO - Making predictions for user 2, metric calories...
2025-07-21 20:28:16,315 - INFO - Making predictions for user 2, metric sleep_hours...
2025-07-21 20:28:16,319 - INFO - Making predictions for user 2, metric water_intake_l...
2025-07-21 20:28:16,322 - INFO - [OK] Predictions generated for user 2
2025-07-21 20:28:16,323 - INFO - Making predictions for user 3, metric steps...
2025-07-21 20:28:16,327 - INFO - Making predictions for user 3, metric calories...
2025-07-21 20:28:16,330 - INFO - Making predictions for user 3, metric sleep_hours...
2025-07-21 20:28:16,335 - INFO - Making predictions for user 3, metric water_intake_l...
2025-07-21 20:28:16,338 - INFO - [OK] Predictions generated for user 3
2025-07-21 20:28:16,339 - INFO - Making predictions for user 4, metric steps...
2025-07-21 20:28:16,342 - INFO - Making predictions for user 4, metric calories...
2025-07-21 20:28:16,346 - INFO - Making predictions for user 4, metric sleep_hours...
2025-07-21 20:28:16,350 - INFO - Making predictions for user 4, metric water_intake_l...
2025-07-21 20:28:16,353 - INFO - [OK] Predictions generated for user 4
2025-07-21 20:28:16,353 - INFO - Making predictions for user 5, metric steps...
2025-07-21 20:28:16,358 - INFO - Making predictions for user 5, metric calories...
2025-07-21 20:28:16,361 - INFO - Making predictions for user 5, metric sleep_hours...
2025-07-21 20:28:16,364 - INFO - Making predictions for user 5, metric water_intake_l...
2025-07-21 20:28:16,369 - INFO - [OK] Predictions generated for user 5
2025-07-21 20:28:16,369 - INFO - Making predictions for user 6, metric steps...
2025-07-21 20:28:16,375 - INFO - Making predictions for user 6, metric calories...
2025-07-21 20:28:16,381 - INFO - Making predictions for user 6, metric sleep_hours...
2025-07-21 20:28:16,387 - INFO - Making predictions for user 6, metric water_intake_l...
2025-07-21 20:28:16,393 - INFO - [OK] Predictions generated for user 6
2025-07-21 20:28:16,393 - INFO - Making predictions for user 7, metric steps...
2025-07-21 20:28:16,399 - INFO - Making predictions for user 7, metric calories...
2025-07-21 20:28:16,403 - INFO - Making predictions for user 7, metric sleep_hours...
2025-07-21 20:28:16,407 - INFO - Making predictions for user 7, metric water_intake_l...
2025-07-21 20:28:16,410 - INFO - [OK] Predictions generated for user 7
2025-07-21 20:28:16,410 - INFO - Making predictions for user 8, metric steps...
2025-07-21 20:28:16,414 - INFO - Making predictions for user 8, metric calories...
2025-07-21 20:28:16,419 - INFO - Making predictions for user 8, metric sleep_hours...
2025-07-21 20:28:16,423 - INFO - Making predictions for user 8, metric water_intake_l...
2025-07-21 20:28:16,427 - INFO - [OK] Predictions generated for user 8
2025-07-21 20:28:16,427 - INFO - Making predictions for user 9, metric steps...
2025-07-21 20:28:16,431 - INFO - Making predictions for user 9, metric calories...
2025-07-21 20:28:16,435 - INFO - Making predictions for user 9, metric sleep_hours...
2025-07-21 20:28:16,439 - INFO - Making predictions for user 9, metric water_intake_l...
2025-07-21 20:28:16,442 - INFO - [OK] Predictions generated for user 9
2025-07-21 20:28:16,442 - INFO - Assessing fitness levels...
2025-07-21 20:28:16,445 - INFO - Saving results to e:\ML - TF\ML\outputs\fitness_predictions.json...
2025-07-21 20:28:16,449 - INFO - ==================================================
2025-07-21 20:28:16,449 - INFO - EXECUTION SUMMARY
2025-07-21 20:28:16,449 - INFO - ==================================================
2025-07-21 20:28:16,449 - INFO - [OK] Data loaded: 225 rows
2025-07-21 20:28:16,449 - INFO - [OK] Models trained: 4
2025-07-21 20:28:16,449 - INFO - [OK] Users processed: 15
2025-07-21 20:28:16,449 - INFO - [OK] Results saved to: e:\ML - TF\ML\outputs\fitness_predictions.json
2025-07-21 20:28:16,449 - INFO - 
Sample results for User 1:
2025-07-21 20:28:16,449 - INFO - Fitness Level: Moderate
2025-07-21 20:28:16,449 - INFO - Fitness Score: 57.25
2025-07-21 20:28:16,451 - INFO - [OK] ML Fitness Predictor completed successfully!
2025-07-22 19:53:48,271 - INFO - ==================================================
2025-07-22 19:53:48,271 - INFO - Starting ML Fitness Predictor
2025-07-22 19:53:48,271 - INFO - ==================================================
2025-07-22 19:53:48,271 - INFO - Loading and cleaning data...
2025-07-22 19:53:48,284 - INFO - Data loaded successfully: 225 rows, 15 users
2025-07-22 19:53:48,284 - INFO - Training models...
2025-07-22 19:53:48,288 - INFO - [OK] Model trained for steps
2025-07-22 19:53:48,293 - INFO - [OK] Model trained for calories
2025-07-22 19:53:48,299 - INFO - [OK] Model trained for sleep_hours
2025-07-22 19:53:48,306 - INFO - [OK] Model trained for water_intake_l
2025-07-22 19:53:48,307 - INFO - Generating predictions...
2025-07-22 19:53:48,307 - INFO - Making predictions for user 1, metric steps...
2025-07-22 19:53:48,312 - INFO - Making predictions for user 1, metric calories...
2025-07-22 19:53:48,317 - INFO - Making predictions for user 1, metric sleep_hours...
2025-07-22 19:53:48,321 - INFO - Making predictions for user 1, metric water_intake_l...
2025-07-22 19:53:48,326 - INFO - [OK] Predictions generated for user 1
2025-07-22 19:53:48,326 - INFO - Making predictions for user 10, metric steps...
2025-07-22 19:53:48,329 - INFO - Making predictions for user 10, metric calories...
2025-07-22 19:53:48,333 - INFO - Making predictions for user 10, metric sleep_hours...
2025-07-22 19:53:48,336 - INFO - Making predictions for user 10, metric water_intake_l...
2025-07-22 19:53:48,340 - INFO - [OK] Predictions generated for user 10
2025-07-22 19:53:48,340 - INFO - Making predictions for user 11, metric steps...
2025-07-22 19:53:48,344 - INFO - Making predictions for user 11, metric calories...
2025-07-22 19:53:48,348 - INFO - Making predictions for user 11, metric sleep_hours...
2025-07-22 19:53:48,351 - INFO - Making predictions for user 11, metric water_intake_l...
2025-07-22 19:53:48,355 - INFO - [OK] Predictions generated for user 11
2025-07-22 19:53:48,355 - INFO - Making predictions for user 12, metric steps...
2025-07-22 19:53:48,359 - INFO - Making predictions for user 12, metric calories...
2025-07-22 19:53:48,361 - INFO - Making predictions for user 12, metric sleep_hours...
2025-07-22 19:53:48,365 - INFO - Making predictions for user 12, metric water_intake_l...
2025-07-22 19:53:48,368 - INFO - [OK] Predictions generated for user 12
2025-07-22 19:53:48,368 - INFO - Making predictions for user 13, metric steps...
2025-07-22 19:53:48,372 - INFO - Making predictions for user 13, metric calories...
2025-07-22 19:53:48,376 - INFO - Making predictions for user 13, metric sleep_hours...
2025-07-22 19:53:48,379 - INFO - Making predictions for user 13, metric water_intake_l...
2025-07-22 19:53:48,383 - INFO - [OK] Predictions generated for user 13
2025-07-22 19:53:48,383 - INFO - Making predictions for user 14, metric steps...
2025-07-22 19:53:48,387 - INFO - Making predictions for user 14, metric calories...
2025-07-22 19:53:48,390 - INFO - Making predictions for user 14, metric sleep_hours...
2025-07-22 19:53:48,394 - INFO - Making predictions for user 14, metric water_intake_l...
2025-07-22 19:53:48,399 - INFO - [OK] Predictions generated for user 14
2025-07-22 19:53:48,399 - INFO - Making predictions for user 15, metric steps...
2025-07-22 19:53:48,402 - INFO - Making predictions for user 15, metric calories...
2025-07-22 19:53:48,407 - INFO - Making predictions for user 15, metric sleep_hours...
2025-07-22 19:53:48,410 - INFO - Making predictions for user 15, metric water_intake_l...
2025-07-22 19:53:48,414 - INFO - [OK] Predictions generated for user 15
2025-07-22 19:53:48,415 - INFO - Making predictions for user 2, metric steps...
2025-07-22 19:53:48,418 - INFO - Making predictions for user 2, metric calories...
2025-07-22 19:53:48,421 - INFO - Making predictions for user 2, metric sleep_hours...
2025-07-22 19:53:48,426 - INFO - Making predictions for user 2, metric water_intake_l...
2025-07-22 19:53:48,430 - INFO - [OK] Predictions generated for user 2
2025-07-22 19:53:48,430 - INFO - Making predictions for user 3, metric steps...
2025-07-22 19:53:48,434 - INFO - Making predictions for user 3, metric calories...
2025-07-22 19:53:48,438 - INFO - Making predictions for user 3, metric sleep_hours...
2025-07-22 19:53:48,442 - INFO - Making predictions for user 3, metric water_intake_l...
2025-07-22 19:53:48,445 - INFO - [OK] Predictions generated for user 3
2025-07-22 19:53:48,446 - INFO - Making predictions for user 4, metric steps...
2025-07-22 19:53:48,449 - INFO - Making predictions for user 4, metric calories...
2025-07-22 19:53:48,452 - INFO - Making predictions for user 4, metric sleep_hours...
2025-07-22 19:53:48,456 - INFO - Making predictions for user 4, metric water_intake_l...
2025-07-22 19:53:48,460 - INFO - [OK] Predictions generated for user 4
2025-07-22 19:53:48,460 - INFO - Making predictions for user 5, metric steps...
2025-07-22 19:53:48,464 - INFO - Making predictions for user 5, metric calories...
2025-07-22 19:53:48,468 - INFO - Making predictions for user 5, metric sleep_hours...
2025-07-22 19:53:48,471 - INFO - Making predictions for user 5, metric water_intake_l...
2025-07-22 19:53:48,476 - INFO - [OK] Predictions generated for user 5
2025-07-22 19:53:48,476 - INFO - Making predictions for user 6, metric steps...
2025-07-22 19:53:48,480 - INFO - Making predictions for user 6, metric calories...
2025-07-22 19:53:48,484 - INFO - Making predictions for user 6, metric sleep_hours...
2025-07-22 19:53:48,487 - INFO - Making predictions for user 6, metric water_intake_l...
2025-07-22 19:53:48,492 - INFO - [OK] Predictions generated for user 6
2025-07-22 19:53:48,492 - INFO - Making predictions for user 7, metric steps...
2025-07-22 19:53:48,496 - INFO - Making predictions for user 7, metric calories...
2025-07-22 19:53:48,499 - INFO - Making predictions for user 7, metric sleep_hours...
2025-07-22 19:53:48,504 - INFO - Making predictions for user 7, metric water_intake_l...
2025-07-22 19:53:48,507 - INFO - [OK] Predictions generated for user 7
2025-07-22 19:53:48,508 - INFO - Making predictions for user 8, metric steps...
2025-07-22 19:53:48,511 - INFO - Making predictions for user 8, metric calories...
2025-07-22 19:53:48,516 - INFO - Making predictions for user 8, metric sleep_hours...
2025-07-22 19:53:48,519 - INFO - Making predictions for user 8, metric water_intake_l...
2025-07-22 19:53:48,522 - INFO - [OK] Predictions generated for user 8
2025-07-22 19:53:48,522 - INFO - Making predictions for user 9, metric steps...
2025-07-22 19:53:48,526 - INFO - Making predictions for user 9, metric calories...
2025-07-22 19:53:48,529 - INFO - Making predictions for user 9, metric sleep_hours...
2025-07-22 19:53:48,534 - INFO - Making predictions for user 9, metric water_intake_l...
2025-07-22 19:53:48,537 - INFO - [OK] Predictions generated for user 9
2025-07-22 19:53:48,537 - INFO - Assessing fitness levels...
2025-07-22 19:53:48,539 - INFO - Saving results to e:\SUMMER_PROJECT_CPP\ML\outputs\fitness_predictions.json...
2025-07-22 19:53:48,543 - INFO - ==================================================
2025-07-22 19:53:48,543 - INFO - EXECUTION SUMMARY
2025-07-22 19:53:48,543 - INFO - ==================================================
2025-07-22 19:53:48,543 - INFO - [OK] Data loaded: 225 rows
2025-07-22 19:53:48,543 - INFO - [OK] Models trained: 4
2025-07-22 19:53:48,543 - INFO - [OK] Users processed: 15
2025-07-22 19:53:48,543 - INFO - [OK] Results saved to: e:\SUMMER_PROJECT_CPP\ML\outputs\fitness_predictions.json
2025-07-22 19:53:48,544 - INFO - 
Sample results for User 1:
2025-07-22 19:53:48,544 - INFO - Fitness Level: Moderate
2025-07-22 19:53:48,544 - INFO - Fitness Score: 57.25
2025-07-22 19:53:48,544 - INFO - [OK] ML Fitness Predictor completed successfully!
2025-07-22 20:05:01,890 - INFO - ==================================================
2025-07-22 20:05:01,890 - INFO - Starting ML Fitness Predictor
2025-07-22 20:05:01,890 - INFO - ==================================================
2025-07-22 20:05:01,890 - INFO - Loading and cleaning data...
2025-07-22 20:05:01,904 - INFO - Data loaded successfully: 225 rows, 15 users
2025-07-22 20:05:01,904 - INFO - Training models...
2025-07-22 20:05:01,909 - INFO - [OK] Model trained for steps
2025-07-22 20:05:01,912 - INFO - [OK] Model trained for calories
2025-07-22 20:05:01,917 - INFO - [OK] Model trained for sleep_hours
2025-07-22 20:05:01,922 - INFO - [OK] Model trained for water_intake_l
2025-07-22 20:05:01,923 - INFO - Generating predictions...
2025-07-22 20:05:01,923 - INFO - Making predictions for user 1, metric steps...
2025-07-22 20:05:01,927 - INFO - Making predictions for user 1, metric calories...
2025-07-22 20:05:01,931 - INFO - Making predictions for user 1, metric sleep_hours...
2025-07-22 20:05:01,936 - INFO - Making predictions for user 1, metric water_intake_l...
2025-07-22 20:05:01,943 - INFO - [OK] Predictions generated for user 1
2025-07-22 20:05:01,943 - INFO - Making predictions for user 10, metric steps...
2025-07-22 20:05:01,950 - INFO - Making predictions for user 10, metric calories...
2025-07-22 20:05:01,955 - INFO - Making predictions for user 10, metric sleep_hours...
2025-07-22 20:05:01,961 - INFO - Making predictions for user 10, metric water_intake_l...
2025-07-22 20:05:01,964 - INFO - [OK] Predictions generated for user 10
2025-07-22 20:05:01,965 - INFO - Making predictions for user 11, metric steps...
2025-07-22 20:05:01,969 - INFO - Making predictions for user 11, metric calories...
2025-07-22 20:05:01,972 - INFO - Making predictions for user 11, metric sleep_hours...
2025-07-22 20:05:01,976 - INFO - Making predictions for user 11, metric water_intake_l...
2025-07-22 20:05:01,980 - INFO - [OK] Predictions generated for user 11
2025-07-22 20:05:01,980 - INFO - Making predictions for user 12, metric steps...
2025-07-22 20:05:01,984 - INFO - Making predictions for user 12, metric calories...
2025-07-22 20:05:01,987 - INFO - Making predictions for user 12, metric sleep_hours...
2025-07-22 20:05:01,991 - INFO - Making predictions for user 12, metric water_intake_l...
2025-07-22 20:05:01,995 - INFO - [OK] Predictions generated for user 12
2025-07-22 20:05:01,995 - INFO - Making predictions for user 13, metric steps...
2025-07-22 20:05:01,998 - INFO - Making predictions for user 13, metric calories...
2025-07-22 20:05:02,002 - INFO - Making predictions for user 13, metric sleep_hours...
2025-07-22 20:05:02,006 - INFO - Making predictions for user 13, metric water_intake_l...
2025-07-22 20:05:02,009 - INFO - [OK] Predictions generated for user 13
2025-07-22 20:05:02,010 - INFO - Making predictions for user 14, metric steps...
2025-07-22 20:05:02,014 - INFO - Making predictions for user 14, metric calories...
2025-07-22 20:05:02,018 - INFO - Making predictions for user 14, metric sleep_hours...
2025-07-22 20:05:02,022 - INFO - Making predictions for user 14, metric water_intake_l...
2025-07-22 20:05:02,026 - INFO - [OK] Predictions generated for user 14
2025-07-22 20:05:02,027 - INFO - Making predictions for user 15, metric steps...
2025-07-22 20:05:02,031 - INFO - Making predictions for user 15, metric calories...
2025-07-22 20:05:02,036 - INFO - Making predictions for user 15, metric sleep_hours...
2025-07-22 20:05:02,040 - INFO - Making predictions for user 15, metric water_intake_l...
2025-07-22 20:05:02,044 - INFO - [OK] Predictions generated for user 15
2025-07-22 20:05:02,044 - INFO - Making predictions for user 2, metric steps...
2025-07-22 20:05:02,047 - INFO - Making predictions for user 2, metric calories...
2025-07-22 20:05:02,051 - INFO - Making predictions for user 2, metric sleep_hours...
2025-07-22 20:05:02,057 - INFO - Making predictions for user 2, metric water_intake_l...
2025-07-22 20:05:02,061 - INFO - [OK] Predictions generated for user 2
2025-07-22 20:05:02,061 - INFO - Making predictions for user 3, metric steps...
2025-07-22 20:05:02,066 - INFO - Making predictions for user 3, metric calories...
2025-07-22 20:05:02,069 - INFO - Making predictions for user 3, metric sleep_hours...
2025-07-22 20:05:02,072 - INFO - Making predictions for user 3, metric water_intake_l...
2025-07-22 20:05:02,077 - INFO - [OK] Predictions generated for user 3
2025-07-22 20:05:02,077 - INFO - Making predictions for user 4, metric steps...
2025-07-22 20:05:02,081 - INFO - Making predictions for user 4, metric calories...
2025-07-22 20:05:02,084 - INFO - Making predictions for user 4, metric sleep_hours...
2025-07-22 20:05:02,087 - INFO - Making predictions for user 4, metric water_intake_l...
2025-07-22 20:05:02,092 - INFO - [OK] Predictions generated for user 4
2025-07-22 20:05:02,092 - INFO - Making predictions for user 5, metric steps...
2025-07-22 20:05:02,096 - INFO - Making predictions for user 5, metric calories...
2025-07-22 20:05:02,100 - INFO - Making predictions for user 5, metric sleep_hours...
2025-07-22 20:05:02,103 - INFO - Making predictions for user 5, metric water_intake_l...
2025-07-22 20:05:02,108 - INFO - [OK] Predictions generated for user 5
2025-07-22 20:05:02,108 - INFO - Making predictions for user 6, metric steps...
2025-07-22 20:05:02,111 - INFO - Making predictions for user 6, metric calories...
2025-07-22 20:05:02,115 - INFO - Making predictions for user 6, metric sleep_hours...
2025-07-22 20:05:02,118 - INFO - Making predictions for user 6, metric water_intake_l...
2025-07-22 20:05:02,122 - INFO - [OK] Predictions generated for user 6
2025-07-22 20:05:02,123 - INFO - Making predictions for user 7, metric steps...
2025-07-22 20:05:02,126 - INFO - Making predictions for user 7, metric calories...
2025-07-22 20:05:02,129 - INFO - Making predictions for user 7, metric sleep_hours...
2025-07-22 20:05:02,133 - INFO - Making predictions for user 7, metric water_intake_l...
2025-07-22 20:05:02,136 - INFO - [OK] Predictions generated for user 7
2025-07-22 20:05:02,137 - INFO - Making predictions for user 8, metric steps...
2025-07-22 20:05:02,140 - INFO - Making predictions for user 8, metric calories...
2025-07-22 20:05:02,145 - INFO - Making predictions for user 8, metric sleep_hours...
2025-07-22 20:05:02,150 - INFO - Making predictions for user 8, metric water_intake_l...
2025-07-22 20:05:02,159 - INFO - [OK] Predictions generated for user 8
2025-07-22 20:05:02,160 - INFO - Making predictions for user 9, metric steps...
2025-07-22 20:05:02,165 - INFO - Making predictions for user 9, metric calories...
2025-07-22 20:05:02,170 - INFO - Making predictions for user 9, metric sleep_hours...
2025-07-22 20:05:02,177 - INFO - Making predictions for user 9, metric water_intake_l...
2025-07-22 20:05:02,183 - INFO - [OK] Predictions generated for user 9
2025-07-22 20:05:02,183 - INFO - Assessing fitness levels...
2025-07-22 20:05:02,185 - INFO - Saving results to e:\SUMMER_PROJECT_CPP\ML\outputs\fitness_predictions.json...
2025-07-22 20:05:02,190 - INFO - ==================================================
2025-07-22 20:05:02,191 - INFO - EXECUTION SUMMARY
2025-07-22 20:05:02,191 - INFO - ==================================================
2025-07-22 20:05:02,191 - INFO - [OK] Data loaded: 225 rows
2025-07-22 20:05:02,191 - INFO - [OK] Models trained: 4
2025-07-22 20:05:02,191 - INFO - [OK] Users processed: 15
2025-07-22 20:05:02,191 - INFO - [OK] Results saved to: e:\SUMMER_PROJECT_CPP\ML\outputs\fitness_predictions.json
2025-07-22 20:05:02,191 - INFO - 
Sample results for User 1:
2025-07-22 20:05:02,191 - INFO - Fitness Level: Moderate
2025-07-22 20:05:02,192 - INFO - Fitness Score: 57.25
2025-07-22 20:05:02,192 - INFO - [OK] ML Fitness Predictor completed successfully!
2025-07-23 20:08:03,621 - INFO - ==================================================
2025-07-23 20:08:03,621 - INFO - Starting ML Fitness Predictor
2025-07-23 20:08:03,621 - INFO - ==================================================
2025-07-23 20:08:03,621 - INFO - Loading and cleaning data...
2025-07-23 20:08:03,655 - INFO - Data loaded successfully: 225 rows, 15 users
2025-07-23 20:08:03,655 - INFO - Training models...
2025-07-23 20:08:03,665 - INFO - [OK] Model trained for steps
2025-07-23 20:08:03,672 - INFO - [OK] Model trained for calories
2025-07-23 20:08:03,676 - INFO - [OK] Model trained for sleep_hours
2025-07-23 20:08:03,680 - INFO - [OK] Model trained for water_intake_l
2025-07-23 20:08:03,680 - INFO - Generating predictions...
2025-07-23 20:08:03,680 - INFO - Making predictions for user 1, metric steps...
2025-07-23 20:08:03,683 - INFO - Making predictions for user 1, metric calories...
2025-07-23 20:08:03,687 - INFO - Making predictions for user 1, metric sleep_hours...
2025-07-23 20:08:03,691 - INFO - Making predictions for user 1, metric water_intake_l...
2025-07-23 20:08:03,695 - INFO - [OK] Predictions generated for user 1
2025-07-23 20:08:03,695 - INFO - Making predictions for user 10, metric steps...
2025-07-23 20:08:03,699 - INFO - Making predictions for user 10, metric calories...
2025-07-23 20:08:03,703 - INFO - Making predictions for user 10, metric sleep_hours...
2025-07-23 20:08:03,705 - INFO - Making predictions for user 10, metric water_intake_l...
2025-07-23 20:08:03,710 - INFO - [OK] Predictions generated for user 10
2025-07-23 20:08:03,710 - INFO - Making predictions for user 11, metric steps...
2025-07-23 20:08:03,714 - INFO - Making predictions for user 11, metric calories...
2025-07-23 20:08:03,717 - INFO - Making predictions for user 11, metric sleep_hours...
2025-07-23 20:08:03,720 - INFO - Making predictions for user 11, metric water_intake_l...
2025-07-23 20:08:03,724 - INFO - [OK] Predictions generated for user 11
2025-07-23 20:08:03,724 - INFO - Making predictions for user 12, metric steps...
2025-07-23 20:08:03,727 - INFO - Making predictions for user 12, metric calories...
2025-07-23 20:08:03,731 - INFO - Making predictions for user 12, metric sleep_hours...
2025-07-23 20:08:03,734 - INFO - Making predictions for user 12, metric water_intake_l...
2025-07-23 20:08:03,738 - INFO - [OK] Predictions generated for user 12
2025-07-23 20:08:03,738 - INFO - Making predictions for user 13, metric steps...
2025-07-23 20:08:03,742 - INFO - Making predictions for user 13, metric calories...
2025-07-23 20:08:03,745 - INFO - Making predictions for user 13, metric sleep_hours...
2025-07-23 20:08:03,748 - INFO - Making predictions for user 13, metric water_intake_l...
2025-07-23 20:08:03,752 - INFO - [OK] Predictions generated for user 13
2025-07-23 20:08:03,752 - INFO - Making predictions for user 14, metric steps...
2025-07-23 20:08:03,755 - INFO - Making predictions for user 14, metric calories...
2025-07-23 20:08:03,759 - INFO - Making predictions for user 14, metric sleep_hours...
2025-07-23 20:08:03,763 - INFO - Making predictions for user 14, metric water_intake_l...
2025-07-23 20:08:03,766 - INFO - [OK] Predictions generated for user 14
2025-07-23 20:08:03,766 - INFO - Making predictions for user 15, metric steps...
2025-07-23 20:08:03,770 - INFO - Making predictions for user 15, metric calories...
2025-07-23 20:08:03,773 - INFO - Making predictions for user 15, metric sleep_hours...
2025-07-23 20:08:03,778 - INFO - Making predictions for user 15, metric water_intake_l...
2025-07-23 20:08:03,781 - INFO - [OK] Predictions generated for user 15
2025-07-23 20:08:03,781 - INFO - Making predictions for user 2, metric steps...
2025-07-23 20:08:03,785 - INFO - Making predictions for user 2, metric calories...
2025-07-23 20:08:03,788 - INFO - Making predictions for user 2, metric sleep_hours...
2025-07-23 20:08:03,792 - INFO - Making predictions for user 2, metric water_intake_l...
2025-07-23 20:08:03,795 - INFO - [OK] Predictions generated for user 2
2025-07-23 20:08:03,795 - INFO - Making predictions for user 3, metric steps...
2025-07-23 20:08:03,799 - INFO - Making predictions for user 3, metric calories...
2025-07-23 20:08:03,803 - INFO - Making predictions for user 3, metric sleep_hours...
2025-07-23 20:08:03,806 - INFO - Making predictions for user 3, metric water_intake_l...
2025-07-23 20:08:03,809 - INFO - [OK] Predictions generated for user 3
2025-07-23 20:08:03,809 - INFO - Making predictions for user 4, metric steps...
2025-07-23 20:08:03,813 - INFO - Making predictions for user 4, metric calories...
2025-07-23 20:08:03,817 - INFO - Making predictions for user 4, metric sleep_hours...
2025-07-23 20:08:03,820 - INFO - Making predictions for user 4, metric water_intake_l...
2025-07-23 20:08:03,823 - INFO - [OK] Predictions generated for user 4
2025-07-23 20:08:03,823 - INFO - Making predictions for user 5, metric steps...
2025-07-23 20:08:03,827 - INFO - Making predictions for user 5, metric calories...
2025-07-23 20:08:03,830 - INFO - Making predictions for user 5, metric sleep_hours...
2025-07-23 20:08:03,834 - INFO - Making predictions for user 5, metric water_intake_l...
2025-07-23 20:08:03,837 - INFO - [OK] Predictions generated for user 5
2025-07-23 20:08:03,837 - INFO - Making predictions for user 6, metric steps...
2025-07-23 20:08:03,840 - INFO - Making predictions for user 6, metric calories...
2025-07-23 20:08:03,843 - INFO - Making predictions for user 6, metric sleep_hours...
2025-07-23 20:08:03,848 - INFO - Making predictions for user 6, metric water_intake_l...
2025-07-23 20:08:03,851 - INFO - [OK] Predictions generated for user 6
2025-07-23 20:08:03,851 - INFO - Making predictions for user 7, metric steps...
2025-07-23 20:08:03,853 - INFO - Making predictions for user 7, metric calories...
2025-07-23 20:08:03,858 - INFO - Making predictions for user 7, metric sleep_hours...
2025-07-23 20:08:03,861 - INFO - Making predictions for user 7, metric water_intake_l...
2025-07-23 20:08:03,864 - INFO - [OK] Predictions generated for user 7
2025-07-23 20:08:03,864 - INFO - Making predictions for user 8, metric steps...
2025-07-23 20:08:03,868 - INFO - Making predictions for user 8, metric calories...
2025-07-23 20:08:03,872 - INFO - Making predictions for user 8, metric sleep_hours...
2025-07-23 20:08:03,875 - INFO - Making predictions for user 8, metric water_intake_l...
2025-07-23 20:08:03,880 - INFO - [OK] Predictions generated for user 8
2025-07-23 20:08:03,880 - INFO - Making predictions for user 9, metric steps...
2025-07-23 20:08:03,884 - INFO - Making predictions for user 9, metric calories...
2025-07-23 20:08:03,888 - INFO - Making predictions for user 9, metric sleep_hours...
2025-07-23 20:08:03,890 - INFO - Making predictions for user 9, metric water_intake_l...
2025-07-23 20:08:03,894 - INFO - [OK] Predictions generated for user 9
2025-07-23 20:08:03,894 - INFO - Assessing fitness levels...
2025-07-23 20:08:03,896 - INFO - Saving results to e:\SUMMER_PROJECT_CPP\ML\outputs\fitness_predictions.json...
2025-07-23 20:08:03,900 - INFO - ==================================================
2025-07-23 20:08:03,900 - INFO - EXECUTION SUMMARY
2025-07-23 20:08:03,900 - INFO - ==================================================
2025-07-23 20:08:03,900 - INFO - [OK] Data loaded: 225 rows
2025-07-23 20:08:03,900 - INFO - [OK] Models trained: 4
2025-07-23 20:08:03,900 - INFO - [OK] Users processed: 15
2025-07-23 20:08:03,900 - INFO - [OK] Results saved to: e:\SUMMER_PROJECT_CPP\ML\outputs\fitness_predictions.json
2025-07-23 20:08:03,900 - INFO - 
Sample results for User 1:
2025-07-23 20:08:03,901 - INFO - Fitness Level: Moderate
2025-07-23 20:08:03,901 - INFO - Fitness Score: 57.25
2025-07-23 20:08:03,901 - INFO - [OK] ML Fitness Predictor completed successfully!
