2025-07-20 17:04:30,818 - INFO - Starting Fitness Predictor...
2025-07-20 17:04:30,818 - INFO - Checking project setup...
2025-07-20 17:04:30,819 - ERROR - CSV file not found: E:\SUMMER_PROJECT_CPP\ML\fitness_logs_15users_15days.csv
2025-07-20 17:04:30,819 - ERROR - Setup failed: CSV file not found: E:\SUMMER_PROJECT_CPP\ML\fitness_logs_15users_15days.csv
2025-07-20 17:04:30,819 - INFO - Fitness predictions and assessments complete!
2025-07-20 17:07:17,791 - INFO - Starting Fitness Predictor...
2025-07-20 17:07:17,791 - INFO - Checking project setup...
2025-07-20 17:07:17,791 - ERROR - CSV file not found: E:\SUMMER_PROJECT_CPP\ML\fitness_logs_15users_15days.csv
2025-07-20 17:07:17,791 - ERROR - Setup failed: CSV file not found: E:\SUMMER_PROJECT_CPP\ML\fitness_logs_15users_15days.csv
2025-07-20 17:07:17,791 - INFO - Fitness predictions and assessments complete!
2025-07-20 17:08:46,153 - INFO - Starting Fitness Predictor...
2025-07-20 17:08:46,153 - INFO - Checking project setup...
2025-07-20 17:08:46,153 - ERROR - CSV file not found: E:\SUMMER_PROJECT_CPP\ML\fitness_logs_15users_15days.csv
2025-07-20 17:08:46,154 - ERROR - Setup failed: CSV file not found: E:\SUMMER_PROJECT_CPP\ML\fitness_logs_15users_15days.csv
2025-07-20 17:08:46,154 - INFO - Fitness predictions and assessments complete!
2025-07-20 17:10:28,980 - INFO - Starting Fitness Predictor...
2025-07-20 17:10:28,980 - INFO - Checking project setup...
2025-07-20 17:10:28,980 - ERROR - CSV file not found: E:\SUMMER_PROJECT_CPP\ML\fitness_logs_15users_15days.csv
2025-07-20 17:10:28,980 - ERROR - Setup failed: CSV file not found: E:\SUMMER_PROJECT_CPP\ML\fitness_logs_15users_15days.csv
2025-07-20 17:10:28,980 - INFO - Fitness predictions and assessments complete!
2025-07-20 17:10:42,367 - INFO - Starting Fitness Predictor...
2025-07-20 17:10:42,367 - INFO - Checking project setup...
2025-07-20 17:10:42,367 - ERROR - CSV file not found: E:\SUMMER_PROJECT_CPP\ML\fitness_logs_15users_15days.csv
2025-07-20 17:10:42,367 - ERROR - Setup failed: CSV file not found: E:\SUMMER_PROJECT_CPP\ML\fitness_logs_15users_15days.csv
2025-07-20 17:10:42,367 - INFO - Fitness predictions and assessments complete!
